2021-01-29 08:58:08,771 ERROR 20304 nodejs.unhandledExceptionError: read ECONNRESET
    at TCP.onStreamRead (internal/stream_base_commons.js:205:27)
errno: "ECONNRESET"
code: "ECONNRESET"
syscall: "read"
name: "unhandledExceptionError"
pid: 20304
hostname: PC-20190103RQDU

2021-01-29 10:24:50,284 ERROR 20304 nodejs.unhandledExceptionError: read ECONNRESET
    at TCP.onStreamRead (internal/stream_base_commons.js:205:27)
errno: "ECONNRESET"
code: "ECONNRESET"
syscall: "read"
name: "unhandledExceptionError"
pid: 20304
hostname: PC-20190103RQDU

2021-01-29 10:24:50,297 ERROR 10360 nodejs.unhandledExceptionError: read ECONNRESET
    at TCP.onStreamRead (internal/stream_base_commons.js:205:27)
errno: "ECONNRESET"
code: "ECONNRESET"
syscall: "read"
name: "unhandledExceptionError"
pid: 10360
hostname: PC-20190103RQDU

2021-01-29 14:34:24,002 ERROR 2280 [-/::1/-/24ms POST /register] nodejs.TypeError: Cannot read property 'email' of undefined
    at UserService.registerUser (E:\admin\egg-service\app\service\user.js:13:19)
    at UserController.registerUser (E:\admin\egg-service\app\controller\user.js:5:48)
    at Object.callFn (E:\admin\egg-service\node_modules\egg-core\lib\utils\index.js:44:21)
    at Object.classControllerMiddleware (E:\admin\egg-service\node_modules\egg-core\lib\loader\mixin\controller.js:87:20)
    at Object.callFn (E:\admin\egg-service\node_modules\@eggjs\router\lib\utils.js:12:21)
    at wrappedController (E:\admin\egg-service\node_modules\@eggjs\router\lib\egg_router.js:322:18)
    at dispatch (E:\admin\egg-service\node_modules\@eggjs\router\node_modules\koa-compose\index.js:44:32)
    at next (E:\admin\egg-service\node_modules\@eggjs\router\node_modules\koa-compose\index.js:45:18)
    at E:\admin\egg-service\node_modules\@eggjs\router\lib\router.js:190:18
    at dispatch (E:\admin\egg-service\node_modules\@eggjs\router\node_modules\koa-compose\index.js:44:32)

pid: 2280
hostname: PC-20190103RQDU

2021-01-29 14:41:12,833 ERROR 10692 [-/::1/-/40ms POST /register] nodejs.ER_DATA_TOO_LONGError: ER_DATA_TOO_LONG: Data too long for column 'email' at row 1
    at Query.Sequence._packetToError (E:\admin\egg-service\node_modules\mysql\lib\protocol\sequences\Sequence.js:47:14)
    at Query.ErrorPacket (E:\admin\egg-service\node_modules\mysql\lib\protocol\sequences\Query.js:79:18)
    at Protocol._parsePacket (E:\admin\egg-service\node_modules\mysql\lib\protocol\Protocol.js:291:23)
    at Parser._parsePacket (E:\admin\egg-service\node_modules\mysql\lib\protocol\Parser.js:433:10)
    at Parser.write (E:\admin\egg-service\node_modules\mysql\lib\protocol\Parser.js:43:10)
    at Protocol.write (E:\admin\egg-service\node_modules\mysql\lib\protocol\Protocol.js:38:16)
    at Socket.<anonymous> (E:\admin\egg-service\node_modules\mysql\lib\Connection.js:88:28)
    at Socket.<anonymous> (E:\admin\egg-service\node_modules\mysql\lib\Connection.js:526:10)
    at Socket.emit (events.js:310:20)
    at addChunk (_stream_readable.js:286:12)
    --------------------
    at Pool.query (E:\admin\egg-service\node_modules\mysql\lib\Pool.js:199:23)
    at E:\admin\egg-service\node_modules\ali-rds\node_modules\pify\index.js:29:7
    at new Promise (<anonymous>)
    at Pool.<anonymous> (E:\admin\egg-service\node_modules\ali-rds\node_modules\pify\index.js:12:10)
    at Pool.ret [as query] (E:\admin\egg-service\node_modules\ali-rds\node_modules\pify\index.js:56:34)
    at RDSClient.proto._query (E:\admin\egg-service\node_modules\ali-rds\lib\client.js:38:20)
    at RDSClient.proto.query (E:\admin\egg-service\node_modules\ali-rds\lib\operator.js:54:29)
    at proto.query.next (<anonymous>)
    at onFulfilled (E:\admin\egg-service\node_modules\co\index.js:65:19)
    at E:\admin\egg-service\node_modules\co\index.js:54:5
    sql: INSERT INTO `er_user`(`email`, `nickname`, `avatar`, `password`, `source`, `create_at`) VALUES('zxj176381@icloud.com', '支新杰', 'image/zhixinjie.png', 'zxj3344.', 1, 1611902472)
code: "ER_DATA_TOO_LONG"
errno: 1406
sqlMessage: "Data too long for column 'email' at row 1"
sqlState: "22001"
index: 0
sql: "INSERT INTO `er_user`(`email`, `nickname`, `avatar`, `password`, `source`, `create_at`) VALUES('zxj176381@icloud.com', '支新杰', 'image/zhixinjie.png', 'zxj3344.', 1, 1611902472)"
name: "ER_DATA_TOO_LONGError"
pid: 10692
hostname: PC-20190103RQDU

2021-01-29 14:41:58,347 ERROR 10692 [-/::1/-/6ms POST /register] nodejs.ER_NO_DEFAULT_FOR_FIELDError: ER_NO_DEFAULT_FOR_FIELD: Field 'uid' doesn't have a default value
    at Query.Sequence._packetToError (E:\admin\egg-service\node_modules\mysql\lib\protocol\sequences\Sequence.js:47:14)
    at Query.ErrorPacket (E:\admin\egg-service\node_modules\mysql\lib\protocol\sequences\Query.js:79:18)
    at Protocol._parsePacket (E:\admin\egg-service\node_modules\mysql\lib\protocol\Protocol.js:291:23)
    at Parser._parsePacket (E:\admin\egg-service\node_modules\mysql\lib\protocol\Parser.js:433:10)
    at Parser.write (E:\admin\egg-service\node_modules\mysql\lib\protocol\Parser.js:43:10)
    at Protocol.write (E:\admin\egg-service\node_modules\mysql\lib\protocol\Protocol.js:38:16)
    at Socket.<anonymous> (E:\admin\egg-service\node_modules\mysql\lib\Connection.js:88:28)
    at Socket.<anonymous> (E:\admin\egg-service\node_modules\mysql\lib\Connection.js:526:10)
    at Socket.emit (events.js:310:20)
    at addChunk (_stream_readable.js:286:12)
    --------------------
    at Pool.query (E:\admin\egg-service\node_modules\mysql\lib\Pool.js:199:23)
    at E:\admin\egg-service\node_modules\ali-rds\node_modules\pify\index.js:29:7
    at new Promise (<anonymous>)
    at Pool.<anonymous> (E:\admin\egg-service\node_modules\ali-rds\node_modules\pify\index.js:12:10)
    at Pool.ret [as query] (E:\admin\egg-service\node_modules\ali-rds\node_modules\pify\index.js:56:34)
    at RDSClient.proto._query (E:\admin\egg-service\node_modules\ali-rds\lib\client.js:38:20)
    at RDSClient.proto.query (E:\admin\egg-service\node_modules\ali-rds\lib\operator.js:54:29)
    at proto.query.next (<anonymous>)
    at onFulfilled (E:\admin\egg-service\node_modules\co\index.js:65:19)
    at E:\admin\egg-service\node_modules\co\index.js:54:5
    sql: INSERT INTO `er_user`(`email`, `nickname`, `avatar`, `password`, `source`, `create_at`) VALUES('zxj176381@icloud.com', '支新杰', 'image/zhixinjie.png', 'zxj3344.', 1, 1611902518)
code: "ER_NO_DEFAULT_FOR_FIELD"
errno: 1364
sqlMessage: "Field 'uid' doesn't have a default value"
sqlState: "HY000"
index: 0
sql: "INSERT INTO `er_user`(`email`, `nickname`, `avatar`, `password`, `source`, `create_at`) VALUES('zxj176381@icloud.com', '支新杰', 'image/zhixinjie.png', 'zxj3344.', 1, 1611902518)"
name: "ER_NO_DEFAULT_FOR_FIELDError"
pid: 10692
hostname: PC-20190103RQDU

2021-01-29 14:58:23,300 ERROR 25060 nodejs.unhandledRejectionError: ER_DATA_TOO_LONG: Data too long for column 'token' at row 1
    at Query.Sequence._packetToError (E:\admin\egg-service\node_modules\mysql\lib\protocol\sequences\Sequence.js:47:14)
    at Query.ErrorPacket (E:\admin\egg-service\node_modules\mysql\lib\protocol\sequences\Query.js:79:18)
    at Protocol._parsePacket (E:\admin\egg-service\node_modules\mysql\lib\protocol\Protocol.js:291:23)
    at Parser._parsePacket (E:\admin\egg-service\node_modules\mysql\lib\protocol\Parser.js:433:10)
    at Parser.write (E:\admin\egg-service\node_modules\mysql\lib\protocol\Parser.js:43:10)
    at Protocol.write (E:\admin\egg-service\node_modules\mysql\lib\protocol\Protocol.js:38:16)
    at Socket.<anonymous> (E:\admin\egg-service\node_modules\mysql\lib\Connection.js:88:28)
    at Socket.<anonymous> (E:\admin\egg-service\node_modules\mysql\lib\Connection.js:526:10)
    at Socket.emit (events.js:310:20)
    at addChunk (_stream_readable.js:286:12)
    --------------------
    at Pool.query (E:\admin\egg-service\node_modules\mysql\lib\Pool.js:199:23)
    at E:\admin\egg-service\node_modules\ali-rds\node_modules\pify\index.js:29:7
    at new Promise (<anonymous>)
    at Pool.<anonymous> (E:\admin\egg-service\node_modules\ali-rds\node_modules\pify\index.js:12:10)
    at Pool.ret [as query] (E:\admin\egg-service\node_modules\ali-rds\node_modules\pify\index.js:56:34)
    at RDSClient.proto._query (E:\admin\egg-service\node_modules\ali-rds\lib\client.js:38:20)
    at RDSClient.proto.query (E:\admin\egg-service\node_modules\ali-rds\lib\operator.js:54:29)
    at proto.query.next (<anonymous>)
    at onFulfilled (E:\admin\egg-service\node_modules\co\index.js:65:19)
    at E:\admin\egg-service\node_modules\co\index.js:54:5
    sql: UPDATE `er_user` SET `token` = 'eyJhbGciOiJIUzI1NiIsInR5cCI6IkpXVCJ9.eyJlbWFpbCI6Inp4ajE3NjM4MUBpY2xvdWQuY29tIiwicGFzc3dvcmQiOiJ6eGozMzQ0LiIsImlhdCI6MTYxMTkwMzUwM30.VJ1oTn60wRhzGlzuiws6tWFm-pAcoWZ3jtYZGBHyUqg' WHERE `uid` = 1
code: "ER_DATA_TOO_LONG"
errno: 1406
sqlMessage: "Data too long for column 'token' at row 1"
sqlState: "22001"
index: 0
sql: "UPDATE `er_user` SET `token` = 'eyJhbGciOiJIUzI1NiIsInR5cCI6IkpXVCJ9.eyJlbWFpbCI6Inp4ajE3NjM4MUBpY2xvdWQuY29tIiwicGFzc3dvcmQiOiJ6eGozMzQ0LiIsImlhdCI6MTYxMTkwMzUwM30.VJ1oTn60wRhzGlzuiws6tWFm-pAcoWZ3jtYZGBHyUqg' WHERE `uid` = 1"
name: "unhandledRejectionError"
pid: 25060
hostname: PC-20190103RQDU

2021-01-29 14:59:09,257 ERROR 15484 nodejs.unhandledRejectionError: ER_DATA_TOO_LONG: Data too long for column 'token' at row 1
    at Query.Sequence._packetToError (E:\admin\egg-service\node_modules\mysql\lib\protocol\sequences\Sequence.js:47:14)
    at Query.ErrorPacket (E:\admin\egg-service\node_modules\mysql\lib\protocol\sequences\Query.js:79:18)
    at Protocol._parsePacket (E:\admin\egg-service\node_modules\mysql\lib\protocol\Protocol.js:291:23)
    at Parser._parsePacket (E:\admin\egg-service\node_modules\mysql\lib\protocol\Parser.js:433:10)
    at Parser.write (E:\admin\egg-service\node_modules\mysql\lib\protocol\Parser.js:43:10)
    at Protocol.write (E:\admin\egg-service\node_modules\mysql\lib\protocol\Protocol.js:38:16)
    at Socket.<anonymous> (E:\admin\egg-service\node_modules\mysql\lib\Connection.js:88:28)
    at Socket.<anonymous> (E:\admin\egg-service\node_modules\mysql\lib\Connection.js:526:10)
    at Socket.emit (events.js:310:20)
    at addChunk (_stream_readable.js:286:12)
    --------------------
    at Pool.query (E:\admin\egg-service\node_modules\mysql\lib\Pool.js:199:23)
    at E:\admin\egg-service\node_modules\ali-rds\node_modules\pify\index.js:29:7
    at new Promise (<anonymous>)
    at Pool.<anonymous> (E:\admin\egg-service\node_modules\ali-rds\node_modules\pify\index.js:12:10)
    at Pool.ret [as query] (E:\admin\egg-service\node_modules\ali-rds\node_modules\pify\index.js:56:34)
    at RDSClient.proto._query (E:\admin\egg-service\node_modules\ali-rds\lib\client.js:38:20)
    at RDSClient.proto.query (E:\admin\egg-service\node_modules\ali-rds\lib\operator.js:54:29)
    at proto.query.next (<anonymous>)
    at onFulfilled (E:\admin\egg-service\node_modules\co\index.js:65:19)
    at E:\admin\egg-service\node_modules\co\index.js:54:5
    sql: UPDATE `er_user` SET `token` = 'eyJhbGciOiJIUzI1NiIsInR5cCI6IkpXVCJ9.eyJlbWFpbCI6Inp4ajE3NjM4MUBpY2xvdWQuY29tIiwiaWF0IjoxNjExOTAzNTQ5fQ.x6Tb-qYjIkaJpp5Uy6t6OU04TJCMhSdnTXG0aZqRSYM' WHERE `uid` = 1
code: "ER_DATA_TOO_LONG"
errno: 1406
sqlMessage: "Data too long for column 'token' at row 1"
sqlState: "22001"
index: 0
sql: "UPDATE `er_user` SET `token` = 'eyJhbGciOiJIUzI1NiIsInR5cCI6IkpXVCJ9.eyJlbWFpbCI6Inp4ajE3NjM4MUBpY2xvdWQuY29tIiwiaWF0IjoxNjExOTAzNTQ5fQ.x6Tb-qYjIkaJpp5Uy6t6OU04TJCMhSdnTXG0aZqRSYM' WHERE `uid` = 1"
name: "unhandledRejectionError"
pid: 15484
hostname: PC-20190103RQDU

2021-01-29 14:59:24,880 ERROR 4404 nodejs.unhandledRejectionError: ER_DATA_TOO_LONG: Data too long for column 'token' at row 1
    at Query.Sequence._packetToError (E:\admin\egg-service\node_modules\mysql\lib\protocol\sequences\Sequence.js:47:14)
    at Query.ErrorPacket (E:\admin\egg-service\node_modules\mysql\lib\protocol\sequences\Query.js:79:18)
    at Protocol._parsePacket (E:\admin\egg-service\node_modules\mysql\lib\protocol\Protocol.js:291:23)
    at Parser._parsePacket (E:\admin\egg-service\node_modules\mysql\lib\protocol\Parser.js:433:10)
    at Parser.write (E:\admin\egg-service\node_modules\mysql\lib\protocol\Parser.js:43:10)
    at Protocol.write (E:\admin\egg-service\node_modules\mysql\lib\protocol\Protocol.js:38:16)
    at Socket.<anonymous> (E:\admin\egg-service\node_modules\mysql\lib\Connection.js:88:28)
    at Socket.<anonymous> (E:\admin\egg-service\node_modules\mysql\lib\Connection.js:526:10)
    at Socket.emit (events.js:310:20)
    at addChunk (_stream_readable.js:286:12)
    --------------------
    at Pool.query (E:\admin\egg-service\node_modules\mysql\lib\Pool.js:199:23)
    at E:\admin\egg-service\node_modules\ali-rds\node_modules\pify\index.js:29:7
    at new Promise (<anonymous>)
    at Pool.<anonymous> (E:\admin\egg-service\node_modules\ali-rds\node_modules\pify\index.js:12:10)
    at Pool.ret [as query] (E:\admin\egg-service\node_modules\ali-rds\node_modules\pify\index.js:56:34)
    at RDSClient.proto._query (E:\admin\egg-service\node_modules\ali-rds\lib\client.js:38:20)
    at RDSClient.proto.query (E:\admin\egg-service\node_modules\ali-rds\lib\operator.js:54:29)
    at proto.query.next (<anonymous>)
    at onFulfilled (E:\admin\egg-service\node_modules\co\index.js:65:19)
    at E:\admin\egg-service\node_modules\co\index.js:54:5
    sql: UPDATE `er_user` SET `token` = 'eyJhbGciOiJIUzI1NiIsInR5cCI6IkpXVCJ9.eyJlbWFpbCI6Inp4ajE3NjM4MUBpY2xvdWQuY29tIiwiaWF0IjoxNjExOTAzNTY0fQ.EtAEw5w36af81hVEMTsPDIOV7h2wfTHfjudpIvTNHNU' WHERE `uid` = 1
code: "ER_DATA_TOO_LONG"
errno: 1406
sqlMessage: "Data too long for column 'token' at row 1"
sqlState: "22001"
index: 0
sql: "UPDATE `er_user` SET `token` = 'eyJhbGciOiJIUzI1NiIsInR5cCI6IkpXVCJ9.eyJlbWFpbCI6Inp4ajE3NjM4MUBpY2xvdWQuY29tIiwiaWF0IjoxNjExOTAzNTY0fQ.EtAEw5w36af81hVEMTsPDIOV7h2wfTHfjudpIvTNHNU' WHERE `uid` = 1"
name: "unhandledRejectionError"
pid: 4404
hostname: PC-20190103RQDU

2021-01-29 16:02:01,788 ERROR 24020 nodejs.unhandledExceptionError: read ECONNRESET
    at TCP.onStreamRead (internal/stream_base_commons.js:205:27)
errno: "ECONNRESET"
code: "ECONNRESET"
syscall: "read"
name: "unhandledExceptionError"
pid: 24020
hostname: PC-20190103RQDU

2021-01-30 12:06:55,364 ERROR 30888 nodejs.unhandledRejectionError: ER_DATA_TOO_LONG: Data too long for column 'token' at row 1
    at Query.Sequence._packetToError (E:\admin\egg-service\node_modules\mysql\lib\protocol\sequences\Sequence.js:47:14)
    at Query.ErrorPacket (E:\admin\egg-service\node_modules\mysql\lib\protocol\sequences\Query.js:79:18)
    at Protocol._parsePacket (E:\admin\egg-service\node_modules\mysql\lib\protocol\Protocol.js:291:23)
    at Parser._parsePacket (E:\admin\egg-service\node_modules\mysql\lib\protocol\Parser.js:433:10)
    at Parser.write (E:\admin\egg-service\node_modules\mysql\lib\protocol\Parser.js:43:10)
    at Protocol.write (E:\admin\egg-service\node_modules\mysql\lib\protocol\Protocol.js:38:16)
    at Socket.<anonymous> (E:\admin\egg-service\node_modules\mysql\lib\Connection.js:88:28)
    at Socket.<anonymous> (E:\admin\egg-service\node_modules\mysql\lib\Connection.js:526:10)
    at Socket.emit (events.js:310:20)
    at addChunk (_stream_readable.js:286:12)
    --------------------
    at Pool.query (E:\admin\egg-service\node_modules\mysql\lib\Pool.js:199:23)
    at E:\admin\egg-service\node_modules\ali-rds\node_modules\pify\index.js:29:7
    at new Promise (<anonymous>)
    at Pool.<anonymous> (E:\admin\egg-service\node_modules\ali-rds\node_modules\pify\index.js:12:10)
    at Pool.ret [as query] (E:\admin\egg-service\node_modules\ali-rds\node_modules\pify\index.js:56:34)
    at RDSClient.proto._query (E:\admin\egg-service\node_modules\ali-rds\lib\client.js:38:20)
    at RDSClient.proto.query (E:\admin\egg-service\node_modules\ali-rds\lib\operator.js:54:29)
    at proto.query.next (<anonymous>)
    at onFulfilled (E:\admin\egg-service\node_modules\co\index.js:65:19)
    at E:\admin\egg-service\node_modules\co\index.js:54:5
    sql: UPDATE `er_user` SET `token` = 'eyJlbWFpbCI6Inp4ajE3NjM4MUBpY2xvdWQuY29tIiwiaWF0IjoxNjExOTc5NjE1fQ' WHERE `uid` = 1
code: "ER_DATA_TOO_LONG"
errno: 1406
sqlMessage: "Data too long for column 'token' at row 1"
sqlState: "22001"
index: 0
sql: "UPDATE `er_user` SET `token` = 'eyJlbWFpbCI6Inp4ajE3NjM4MUBpY2xvdWQuY29tIiwiaWF0IjoxNjExOTc5NjE1fQ' WHERE `uid` = 1"
name: "unhandledRejectionError"
pid: 30888
hostname: PC-20190103RQDU

