2021-01-29 04:29:52,764 INFO 20304 [Timer] E:\admin\egg-service\node_modules\egg-multipart\app\schedule\clean_tmpdir.js next time will execute after 86407241ms at 2021-01-30 04:30:00.005
2021-01-29 04:29:52,760 INFO 21168 [Job#1611865792759495461138013991] E:\admin\egg-service\node_modules\egg-multipart\app\schedule\clean_tmpdir.js executing by app
2021-01-29 04:29:52,765 INFO 21168 [Job#1611865792759495461138013991] E:\admin\egg-service\node_modules\egg-multipart\app\schedule\clean_tmpdir.js execute succeed, used 5ms. 
2021-01-29 08:58:07,160 INFO 4208 [egg-schedule]: register schedule E:\admin\egg-service\node_modules\egg-multipart\app\schedule\clean_tmpdir.js
2021-01-29 08:58:07,160 INFO 4208 [egg-schedule]: register schedule E:\admin\egg-service\node_modules\egg-logrotator\app\schedule\clean_log.js
2021-01-29 08:58:07,160 INFO 4208 [egg-schedule]: register schedule E:\admin\egg-service\node_modules\egg-logrotator\app\schedule\rotate_by_file.js
2021-01-29 08:58:08,678 INFO 22640 [egg-schedule]: register schedule E:\admin\egg-service\node_modules\egg-multipart\app\schedule\clean_tmpdir.js
2021-01-29 08:58:08,678 INFO 22640 [egg-schedule]: register schedule E:\admin\egg-service\node_modules\egg-logrotator\app\schedule\clean_log.js
2021-01-29 08:58:08,678 INFO 22640 [egg-schedule]: register schedule E:\admin\egg-service\node_modules\egg-logrotator\app\schedule\rotate_by_file.js
2021-01-29 09:00:15,745 INFO 21520 [egg-schedule]: register schedule E:\admin\egg-service\node_modules\egg-multipart\app\schedule\clean_tmpdir.js
2021-01-29 09:00:15,745 INFO 21520 [egg-schedule]: register schedule E:\admin\egg-service\node_modules\egg-logrotator\app\schedule\clean_log.js
2021-01-29 09:00:15,745 INFO 21520 [egg-schedule]: register schedule E:\admin\egg-service\node_modules\egg-logrotator\app\schedule\rotate_by_file.js
2021-01-29 09:00:29,369 INFO 10360 [Timer] E:\admin\egg-service\node_modules\egg-multipart\app\schedule\clean_tmpdir.js next time will execute after 70170636ms at 2021-01-30 04:30:00.005
2021-01-29 09:00:29,370 INFO 10360 [Timer] E:\admin\egg-service\node_modules\egg-logrotator\app\schedule\clean_log.js next time will execute after 53970631ms at 2021-01-30 00:00:00.001
2021-01-29 09:00:29,370 INFO 10360 [Timer] E:\admin\egg-service\node_modules\egg-logrotator\app\schedule\rotate_by_file.js next time will execute after 53971630ms at 2021-01-30 00:00:01.000
2021-01-29 09:00:29,078 INFO 10596 [egg-schedule]: register schedule E:\admin\egg-service\node_modules\egg-multipart\app\schedule\clean_tmpdir.js
2021-01-29 09:00:29,078 INFO 10596 [egg-schedule]: register schedule E:\admin\egg-service\node_modules\egg-logrotator\app\schedule\clean_log.js
2021-01-29 09:00:29,078 INFO 10596 [egg-schedule]: register schedule E:\admin\egg-service\node_modules\egg-logrotator\app\schedule\rotate_by_file.js
2021-01-29 09:01:09,811 INFO 22824 [egg-schedule]: register schedule E:\admin\egg-service\node_modules\egg-multipart\app\schedule\clean_tmpdir.js
2021-01-29 09:01:09,811 INFO 22824 [egg-schedule]: register schedule E:\admin\egg-service\node_modules\egg-logrotator\app\schedule\clean_log.js
2021-01-29 09:01:09,811 INFO 22824 [egg-schedule]: register schedule E:\admin\egg-service\node_modules\egg-logrotator\app\schedule\rotate_by_file.js
2021-01-29 09:01:09,812 INFO 12912 [egg-schedule]: register schedule E:\admin\egg-service\node_modules\egg-multipart\app\schedule\clean_tmpdir.js
2021-01-29 09:01:09,812 INFO 12912 [egg-schedule]: register schedule E:\admin\egg-service\node_modules\egg-logrotator\app\schedule\clean_log.js
2021-01-29 09:01:09,812 INFO 12912 [egg-schedule]: register schedule E:\admin\egg-service\node_modules\egg-logrotator\app\schedule\rotate_by_file.js
2021-01-29 10:24:48,787 INFO 13432 [egg-schedule]: register schedule E:\admin\egg-service\node_modules\egg-multipart\app\schedule\clean_tmpdir.js
2021-01-29 10:24:48,787 INFO 13432 [egg-schedule]: register schedule E:\admin\egg-service\node_modules\egg-logrotator\app\schedule\clean_log.js
2021-01-29 10:24:48,787 INFO 13432 [egg-schedule]: register schedule E:\admin\egg-service\node_modules\egg-logrotator\app\schedule\rotate_by_file.js
2021-01-29 10:24:48,786 INFO 4392 [egg-schedule]: register schedule E:\admin\egg-service\node_modules\egg-multipart\app\schedule\clean_tmpdir.js
2021-01-29 10:24:48,786 INFO 4392 [egg-schedule]: register schedule E:\admin\egg-service\node_modules\egg-logrotator\app\schedule\clean_log.js
2021-01-29 10:24:48,786 INFO 4392 [egg-schedule]: register schedule E:\admin\egg-service\node_modules\egg-logrotator\app\schedule\rotate_by_file.js
2021-01-29 10:24:50,187 INFO 19664 [egg-schedule]: register schedule E:\admin\egg-service\node_modules\egg-multipart\app\schedule\clean_tmpdir.js
2021-01-29 10:24:50,187 INFO 19664 [egg-schedule]: register schedule E:\admin\egg-service\node_modules\egg-logrotator\app\schedule\clean_log.js
2021-01-29 10:24:50,187 INFO 19664 [egg-schedule]: register schedule E:\admin\egg-service\node_modules\egg-logrotator\app\schedule\rotate_by_file.js
2021-01-29 10:24:50,187 INFO 4684 [egg-schedule]: register schedule E:\admin\egg-service\node_modules\egg-multipart\app\schedule\clean_tmpdir.js
2021-01-29 10:24:50,187 INFO 4684 [egg-schedule]: register schedule E:\admin\egg-service\node_modules\egg-logrotator\app\schedule\clean_log.js
2021-01-29 10:24:50,187 INFO 4684 [egg-schedule]: register schedule E:\admin\egg-service\node_modules\egg-logrotator\app\schedule\rotate_by_file.js
2021-01-29 13:47:54,123 INFO 19248 [egg-schedule]: register schedule E:\admin\egg-service\node_modules\egg-multipart\app\schedule\clean_tmpdir.js
2021-01-29 13:47:54,123 INFO 19248 [egg-schedule]: register schedule E:\admin\egg-service\node_modules\egg-logrotator\app\schedule\clean_log.js
2021-01-29 13:47:54,123 INFO 19248 [egg-schedule]: register schedule E:\admin\egg-service\node_modules\egg-logrotator\app\schedule\rotate_by_file.js
2021-01-29 13:47:54,364 INFO 24020 [Timer] E:\admin\egg-service\node_modules\egg-multipart\app\schedule\clean_tmpdir.js next time will execute after 52925639ms at 2021-01-30 04:30:00.003
2021-01-29 13:47:54,365 INFO 24020 [Timer] E:\admin\egg-service\node_modules\egg-logrotator\app\schedule\clean_log.js next time will execute after 36725635ms at 2021-01-30 00:00:00.000
2021-01-29 13:47:54,365 INFO 24020 [Timer] E:\admin\egg-service\node_modules\egg-logrotator\app\schedule\rotate_by_file.js next time will execute after 36726635ms at 2021-01-30 00:00:01.000
2021-01-29 13:50:34,982 INFO 10192 [egg-schedule]: register schedule E:\admin\egg-service\node_modules\egg-multipart\app\schedule\clean_tmpdir.js
2021-01-29 13:50:34,982 INFO 10192 [egg-schedule]: register schedule E:\admin\egg-service\node_modules\egg-logrotator\app\schedule\clean_log.js
2021-01-29 13:50:34,982 INFO 10192 [egg-schedule]: register schedule E:\admin\egg-service\node_modules\egg-logrotator\app\schedule\rotate_by_file.js
2021-01-29 13:51:00,972 INFO 13184 [egg-schedule]: register schedule E:\admin\egg-service\node_modules\egg-multipart\app\schedule\clean_tmpdir.js
2021-01-29 13:51:00,972 INFO 13184 [egg-schedule]: register schedule E:\admin\egg-service\node_modules\egg-logrotator\app\schedule\clean_log.js
2021-01-29 13:51:00,972 INFO 13184 [egg-schedule]: register schedule E:\admin\egg-service\node_modules\egg-logrotator\app\schedule\rotate_by_file.js
2021-01-29 13:51:13,936 INFO 1252 [egg-schedule]: register schedule E:\admin\egg-service\node_modules\egg-multipart\app\schedule\clean_tmpdir.js
2021-01-29 13:51:13,936 INFO 1252 [egg-schedule]: register schedule E:\admin\egg-service\node_modules\egg-logrotator\app\schedule\clean_log.js
2021-01-29 13:51:13,936 INFO 1252 [egg-schedule]: register schedule E:\admin\egg-service\node_modules\egg-logrotator\app\schedule\rotate_by_file.js
2021-01-29 13:51:41,852 INFO 24444 [egg-schedule]: register schedule E:\admin\egg-service\node_modules\egg-multipart\app\schedule\clean_tmpdir.js
2021-01-29 13:51:41,852 INFO 24444 [egg-schedule]: register schedule E:\admin\egg-service\node_modules\egg-logrotator\app\schedule\clean_log.js
2021-01-29 13:51:41,852 INFO 24444 [egg-schedule]: register schedule E:\admin\egg-service\node_modules\egg-logrotator\app\schedule\rotate_by_file.js
2021-01-29 13:53:43,812 INFO 21560 [egg-schedule]: register schedule E:\admin\egg-service\node_modules\egg-multipart\app\schedule\clean_tmpdir.js
2021-01-29 13:53:43,813 INFO 21560 [egg-schedule]: register schedule E:\admin\egg-service\node_modules\egg-logrotator\app\schedule\clean_log.js
2021-01-29 13:53:43,813 INFO 21560 [egg-schedule]: register schedule E:\admin\egg-service\node_modules\egg-logrotator\app\schedule\rotate_by_file.js
2021-01-29 13:53:48,966 INFO 10748 [egg-schedule]: register schedule E:\admin\egg-service\node_modules\egg-multipart\app\schedule\clean_tmpdir.js
2021-01-29 13:53:48,966 INFO 10748 [egg-schedule]: register schedule E:\admin\egg-service\node_modules\egg-logrotator\app\schedule\clean_log.js
2021-01-29 13:53:48,966 INFO 10748 [egg-schedule]: register schedule E:\admin\egg-service\node_modules\egg-logrotator\app\schedule\rotate_by_file.js
2021-01-29 13:57:07,817 INFO 288 [egg-schedule]: register schedule E:\admin\egg-service\node_modules\egg-multipart\app\schedule\clean_tmpdir.js
2021-01-29 13:57:07,817 INFO 288 [egg-schedule]: register schedule E:\admin\egg-service\node_modules\egg-logrotator\app\schedule\clean_log.js
2021-01-29 13:57:07,817 INFO 288 [egg-schedule]: register schedule E:\admin\egg-service\node_modules\egg-logrotator\app\schedule\rotate_by_file.js
2021-01-29 13:57:27,684 INFO 19072 [egg-schedule]: register schedule E:\admin\egg-service\node_modules\egg-multipart\app\schedule\clean_tmpdir.js
2021-01-29 13:57:27,684 INFO 19072 [egg-schedule]: register schedule E:\admin\egg-service\node_modules\egg-logrotator\app\schedule\clean_log.js
2021-01-29 13:57:27,684 INFO 19072 [egg-schedule]: register schedule E:\admin\egg-service\node_modules\egg-logrotator\app\schedule\rotate_by_file.js
2021-01-29 13:57:34,670 INFO 12668 [egg-schedule]: register schedule E:\admin\egg-service\node_modules\egg-multipart\app\schedule\clean_tmpdir.js
2021-01-29 13:57:34,670 INFO 12668 [egg-schedule]: register schedule E:\admin\egg-service\node_modules\egg-logrotator\app\schedule\clean_log.js
2021-01-29 13:57:34,670 INFO 12668 [egg-schedule]: register schedule E:\admin\egg-service\node_modules\egg-logrotator\app\schedule\rotate_by_file.js
2021-01-29 13:59:17,095 INFO 24168 [egg-schedule]: register schedule E:\admin\egg-service\node_modules\egg-multipart\app\schedule\clean_tmpdir.js
2021-01-29 13:59:17,095 INFO 24168 [egg-schedule]: register schedule E:\admin\egg-service\node_modules\egg-logrotator\app\schedule\clean_log.js
2021-01-29 13:59:17,095 INFO 24168 [egg-schedule]: register schedule E:\admin\egg-service\node_modules\egg-logrotator\app\schedule\rotate_by_file.js
2021-01-29 14:00:16,556 INFO 21508 [egg-schedule]: register schedule E:\admin\egg-service\node_modules\egg-multipart\app\schedule\clean_tmpdir.js
2021-01-29 14:00:16,556 INFO 21508 [egg-schedule]: register schedule E:\admin\egg-service\node_modules\egg-logrotator\app\schedule\clean_log.js
2021-01-29 14:00:16,556 INFO 21508 [egg-schedule]: register schedule E:\admin\egg-service\node_modules\egg-logrotator\app\schedule\rotate_by_file.js
2021-01-29 14:00:30,478 INFO 23984 [egg-schedule]: register schedule E:\admin\egg-service\node_modules\egg-multipart\app\schedule\clean_tmpdir.js
2021-01-29 14:00:30,478 INFO 23984 [egg-schedule]: register schedule E:\admin\egg-service\node_modules\egg-logrotator\app\schedule\clean_log.js
2021-01-29 14:00:30,478 INFO 23984 [egg-schedule]: register schedule E:\admin\egg-service\node_modules\egg-logrotator\app\schedule\rotate_by_file.js
2021-01-29 14:01:45,564 INFO 3824 [egg-schedule]: register schedule E:\admin\egg-service\node_modules\egg-multipart\app\schedule\clean_tmpdir.js
2021-01-29 14:01:45,564 INFO 3824 [egg-schedule]: register schedule E:\admin\egg-service\node_modules\egg-logrotator\app\schedule\clean_log.js
2021-01-29 14:01:45,564 INFO 3824 [egg-schedule]: register schedule E:\admin\egg-service\node_modules\egg-logrotator\app\schedule\rotate_by_file.js
2021-01-29 14:04:09,694 INFO 13612 [egg-schedule]: register schedule E:\admin\egg-service\node_modules\egg-multipart\app\schedule\clean_tmpdir.js
2021-01-29 14:04:09,694 INFO 13612 [egg-schedule]: register schedule E:\admin\egg-service\node_modules\egg-logrotator\app\schedule\clean_log.js
2021-01-29 14:04:09,694 INFO 13612 [egg-schedule]: register schedule E:\admin\egg-service\node_modules\egg-logrotator\app\schedule\rotate_by_file.js
2021-01-29 14:04:32,531 INFO 18828 [egg-schedule]: register schedule E:\admin\egg-service\node_modules\egg-multipart\app\schedule\clean_tmpdir.js
2021-01-29 14:04:32,531 INFO 18828 [egg-schedule]: register schedule E:\admin\egg-service\node_modules\egg-logrotator\app\schedule\clean_log.js
2021-01-29 14:04:32,532 INFO 18828 [egg-schedule]: register schedule E:\admin\egg-service\node_modules\egg-logrotator\app\schedule\rotate_by_file.js
2021-01-29 14:04:33,731 INFO 8908 [egg-schedule]: register schedule E:\admin\egg-service\node_modules\egg-multipart\app\schedule\clean_tmpdir.js
2021-01-29 14:04:33,731 INFO 8908 [egg-schedule]: register schedule E:\admin\egg-service\node_modules\egg-logrotator\app\schedule\clean_log.js
2021-01-29 14:04:33,731 INFO 8908 [egg-schedule]: register schedule E:\admin\egg-service\node_modules\egg-logrotator\app\schedule\rotate_by_file.js
2021-01-29 14:04:35,345 INFO 10384 [egg-schedule]: register schedule E:\admin\egg-service\node_modules\egg-multipart\app\schedule\clean_tmpdir.js
2021-01-29 14:04:35,345 INFO 10384 [egg-schedule]: register schedule E:\admin\egg-service\node_modules\egg-logrotator\app\schedule\clean_log.js
2021-01-29 14:04:35,345 INFO 10384 [egg-schedule]: register schedule E:\admin\egg-service\node_modules\egg-logrotator\app\schedule\rotate_by_file.js
2021-01-29 14:04:53,124 INFO 15992 [egg-schedule]: register schedule E:\admin\egg-service\node_modules\egg-multipart\app\schedule\clean_tmpdir.js
2021-01-29 14:04:53,124 INFO 15992 [egg-schedule]: register schedule E:\admin\egg-service\node_modules\egg-logrotator\app\schedule\clean_log.js
2021-01-29 14:04:53,124 INFO 15992 [egg-schedule]: register schedule E:\admin\egg-service\node_modules\egg-logrotator\app\schedule\rotate_by_file.js
2021-01-29 14:04:58,940 INFO 20608 [egg-schedule]: register schedule E:\admin\egg-service\node_modules\egg-multipart\app\schedule\clean_tmpdir.js
2021-01-29 14:04:58,940 INFO 20608 [egg-schedule]: register schedule E:\admin\egg-service\node_modules\egg-logrotator\app\schedule\clean_log.js
2021-01-29 14:04:58,940 INFO 20608 [egg-schedule]: register schedule E:\admin\egg-service\node_modules\egg-logrotator\app\schedule\rotate_by_file.js
2021-01-29 14:05:18,137 INFO 19364 [egg-schedule]: register schedule E:\admin\egg-service\node_modules\egg-multipart\app\schedule\clean_tmpdir.js
2021-01-29 14:05:18,137 INFO 19364 [egg-schedule]: register schedule E:\admin\egg-service\node_modules\egg-logrotator\app\schedule\clean_log.js
2021-01-29 14:05:18,137 INFO 19364 [egg-schedule]: register schedule E:\admin\egg-service\node_modules\egg-logrotator\app\schedule\rotate_by_file.js
2021-01-29 14:05:32,094 INFO 3032 [egg-schedule]: register schedule E:\admin\egg-service\node_modules\egg-multipart\app\schedule\clean_tmpdir.js
2021-01-29 14:05:32,094 INFO 3032 [egg-schedule]: register schedule E:\admin\egg-service\node_modules\egg-logrotator\app\schedule\clean_log.js
2021-01-29 14:05:32,094 INFO 3032 [egg-schedule]: register schedule E:\admin\egg-service\node_modules\egg-logrotator\app\schedule\rotate_by_file.js
2021-01-29 14:07:41,981 INFO 17428 [egg-schedule]: register schedule E:\admin\egg-service\node_modules\egg-multipart\app\schedule\clean_tmpdir.js
2021-01-29 14:07:41,981 INFO 17428 [egg-schedule]: register schedule E:\admin\egg-service\node_modules\egg-logrotator\app\schedule\clean_log.js
2021-01-29 14:07:41,981 INFO 17428 [egg-schedule]: register schedule E:\admin\egg-service\node_modules\egg-logrotator\app\schedule\rotate_by_file.js
2021-01-29 14:07:48,609 INFO 15488 [egg-schedule]: register schedule E:\admin\egg-service\node_modules\egg-multipart\app\schedule\clean_tmpdir.js
2021-01-29 14:07:48,609 INFO 15488 [egg-schedule]: register schedule E:\admin\egg-service\node_modules\egg-logrotator\app\schedule\clean_log.js
2021-01-29 14:07:48,609 INFO 15488 [egg-schedule]: register schedule E:\admin\egg-service\node_modules\egg-logrotator\app\schedule\rotate_by_file.js
2021-01-29 14:09:05,925 INFO 14368 [egg-schedule]: register schedule E:\admin\egg-service\node_modules\egg-multipart\app\schedule\clean_tmpdir.js
2021-01-29 14:09:05,925 INFO 14368 [egg-schedule]: register schedule E:\admin\egg-service\node_modules\egg-logrotator\app\schedule\clean_log.js
2021-01-29 14:09:05,925 INFO 14368 [egg-schedule]: register schedule E:\admin\egg-service\node_modules\egg-logrotator\app\schedule\rotate_by_file.js
2021-01-29 14:09:32,091 INFO 21888 [egg-schedule]: register schedule E:\admin\egg-service\node_modules\egg-multipart\app\schedule\clean_tmpdir.js
2021-01-29 14:09:32,091 INFO 21888 [egg-schedule]: register schedule E:\admin\egg-service\node_modules\egg-logrotator\app\schedule\clean_log.js
2021-01-29 14:09:32,091 INFO 21888 [egg-schedule]: register schedule E:\admin\egg-service\node_modules\egg-logrotator\app\schedule\rotate_by_file.js
2021-01-29 14:09:37,304 INFO 20608 [egg-schedule]: register schedule E:\admin\egg-service\node_modules\egg-multipart\app\schedule\clean_tmpdir.js
2021-01-29 14:09:37,304 INFO 20608 [egg-schedule]: register schedule E:\admin\egg-service\node_modules\egg-logrotator\app\schedule\clean_log.js
2021-01-29 14:09:37,304 INFO 20608 [egg-schedule]: register schedule E:\admin\egg-service\node_modules\egg-logrotator\app\schedule\rotate_by_file.js
2021-01-29 14:17:06,030 INFO 16564 [egg-schedule]: register schedule E:\admin\egg-service\node_modules\egg-multipart\app\schedule\clean_tmpdir.js
2021-01-29 14:17:06,030 INFO 16564 [egg-schedule]: register schedule E:\admin\egg-service\node_modules\egg-logrotator\app\schedule\clean_log.js
2021-01-29 14:17:06,030 INFO 16564 [egg-schedule]: register schedule E:\admin\egg-service\node_modules\egg-logrotator\app\schedule\rotate_by_file.js
2021-01-29 14:17:08,391 INFO 1004 [egg-schedule]: register schedule E:\admin\egg-service\node_modules\egg-multipart\app\schedule\clean_tmpdir.js
2021-01-29 14:17:08,391 INFO 1004 [egg-schedule]: register schedule E:\admin\egg-service\node_modules\egg-logrotator\app\schedule\clean_log.js
2021-01-29 14:17:08,391 INFO 1004 [egg-schedule]: register schedule E:\admin\egg-service\node_modules\egg-logrotator\app\schedule\rotate_by_file.js
2021-01-29 14:18:21,132 INFO 23572 [egg-schedule]: register schedule E:\admin\egg-service\node_modules\egg-multipart\app\schedule\clean_tmpdir.js
2021-01-29 14:18:21,132 INFO 23572 [egg-schedule]: register schedule E:\admin\egg-service\node_modules\egg-logrotator\app\schedule\clean_log.js
2021-01-29 14:18:21,132 INFO 23572 [egg-schedule]: register schedule E:\admin\egg-service\node_modules\egg-logrotator\app\schedule\rotate_by_file.js
2021-01-29 14:18:22,894 INFO 23652 [egg-schedule]: register schedule E:\admin\egg-service\node_modules\egg-multipart\app\schedule\clean_tmpdir.js
2021-01-29 14:18:22,894 INFO 23652 [egg-schedule]: register schedule E:\admin\egg-service\node_modules\egg-logrotator\app\schedule\clean_log.js
2021-01-29 14:18:22,894 INFO 23652 [egg-schedule]: register schedule E:\admin\egg-service\node_modules\egg-logrotator\app\schedule\rotate_by_file.js
2021-01-29 14:28:47,239 INFO 9692 [egg-schedule]: register schedule E:\admin\egg-service\node_modules\egg-multipart\app\schedule\clean_tmpdir.js
2021-01-29 14:28:47,239 INFO 9692 [egg-schedule]: register schedule E:\admin\egg-service\node_modules\egg-logrotator\app\schedule\clean_log.js
2021-01-29 14:28:47,239 INFO 9692 [egg-schedule]: register schedule E:\admin\egg-service\node_modules\egg-logrotator\app\schedule\rotate_by_file.js
2021-01-29 14:29:45,056 INFO 24568 [egg-schedule]: register schedule E:\admin\egg-service\node_modules\egg-multipart\app\schedule\clean_tmpdir.js
2021-01-29 14:29:45,056 INFO 24568 [egg-schedule]: register schedule E:\admin\egg-service\node_modules\egg-logrotator\app\schedule\clean_log.js
2021-01-29 14:29:45,056 INFO 24568 [egg-schedule]: register schedule E:\admin\egg-service\node_modules\egg-logrotator\app\schedule\rotate_by_file.js
2021-01-29 14:31:49,274 INFO 24548 [egg-schedule]: register schedule E:\admin\egg-service\node_modules\egg-multipart\app\schedule\clean_tmpdir.js
2021-01-29 14:31:49,274 INFO 24548 [egg-schedule]: register schedule E:\admin\egg-service\node_modules\egg-logrotator\app\schedule\clean_log.js
2021-01-29 14:31:49,274 INFO 24548 [egg-schedule]: register schedule E:\admin\egg-service\node_modules\egg-logrotator\app\schedule\rotate_by_file.js
2021-01-29 14:31:59,163 INFO 25456 [egg-schedule]: register schedule E:\admin\egg-service\node_modules\egg-multipart\app\schedule\clean_tmpdir.js
2021-01-29 14:31:59,163 INFO 25456 [egg-schedule]: register schedule E:\admin\egg-service\node_modules\egg-logrotator\app\schedule\clean_log.js
2021-01-29 14:31:59,163 INFO 25456 [egg-schedule]: register schedule E:\admin\egg-service\node_modules\egg-logrotator\app\schedule\rotate_by_file.js
2021-01-29 14:32:37,051 INFO 14352 [egg-schedule]: register schedule E:\admin\egg-service\node_modules\egg-multipart\app\schedule\clean_tmpdir.js
2021-01-29 14:32:37,051 INFO 14352 [egg-schedule]: register schedule E:\admin\egg-service\node_modules\egg-logrotator\app\schedule\clean_log.js
2021-01-29 14:32:37,051 INFO 14352 [egg-schedule]: register schedule E:\admin\egg-service\node_modules\egg-logrotator\app\schedule\rotate_by_file.js
2021-01-29 14:34:17,230 INFO 2280 [egg-schedule]: register schedule E:\admin\egg-service\node_modules\egg-multipart\app\schedule\clean_tmpdir.js
2021-01-29 14:34:17,230 INFO 2280 [egg-schedule]: register schedule E:\admin\egg-service\node_modules\egg-logrotator\app\schedule\clean_log.js
2021-01-29 14:34:17,230 INFO 2280 [egg-schedule]: register schedule E:\admin\egg-service\node_modules\egg-logrotator\app\schedule\rotate_by_file.js
2021-01-29 14:34:51,573 INFO 19844 [egg-schedule]: register schedule E:\admin\egg-service\node_modules\egg-multipart\app\schedule\clean_tmpdir.js
2021-01-29 14:34:51,573 INFO 19844 [egg-schedule]: register schedule E:\admin\egg-service\node_modules\egg-logrotator\app\schedule\clean_log.js
2021-01-29 14:34:51,573 INFO 19844 [egg-schedule]: register schedule E:\admin\egg-service\node_modules\egg-logrotator\app\schedule\rotate_by_file.js
2021-01-29 14:35:36,149 INFO 21104 [egg-schedule]: register schedule E:\admin\egg-service\node_modules\egg-multipart\app\schedule\clean_tmpdir.js
2021-01-29 14:35:36,149 INFO 21104 [egg-schedule]: register schedule E:\admin\egg-service\node_modules\egg-logrotator\app\schedule\clean_log.js
2021-01-29 14:35:36,150 INFO 21104 [egg-schedule]: register schedule E:\admin\egg-service\node_modules\egg-logrotator\app\schedule\rotate_by_file.js
2021-01-29 14:35:52,978 INFO 15020 [egg-schedule]: register schedule E:\admin\egg-service\node_modules\egg-multipart\app\schedule\clean_tmpdir.js
2021-01-29 14:35:52,978 INFO 15020 [egg-schedule]: register schedule E:\admin\egg-service\node_modules\egg-logrotator\app\schedule\clean_log.js
2021-01-29 14:35:52,978 INFO 15020 [egg-schedule]: register schedule E:\admin\egg-service\node_modules\egg-logrotator\app\schedule\rotate_by_file.js
2021-01-29 14:37:40,926 INFO 23904 [egg-schedule]: register schedule E:\admin\egg-service\node_modules\egg-multipart\app\schedule\clean_tmpdir.js
2021-01-29 14:37:40,926 INFO 23904 [egg-schedule]: register schedule E:\admin\egg-service\node_modules\egg-logrotator\app\schedule\clean_log.js
2021-01-29 14:37:40,926 INFO 23904 [egg-schedule]: register schedule E:\admin\egg-service\node_modules\egg-logrotator\app\schedule\rotate_by_file.js
2021-01-29 14:37:45,449 INFO 17000 [egg-schedule]: register schedule E:\admin\egg-service\node_modules\egg-multipart\app\schedule\clean_tmpdir.js
2021-01-29 14:37:45,450 INFO 17000 [egg-schedule]: register schedule E:\admin\egg-service\node_modules\egg-logrotator\app\schedule\clean_log.js
2021-01-29 14:37:45,450 INFO 17000 [egg-schedule]: register schedule E:\admin\egg-service\node_modules\egg-logrotator\app\schedule\rotate_by_file.js
2021-01-29 14:38:02,241 INFO 17168 [egg-schedule]: register schedule E:\admin\egg-service\node_modules\egg-multipart\app\schedule\clean_tmpdir.js
2021-01-29 14:38:02,241 INFO 17168 [egg-schedule]: register schedule E:\admin\egg-service\node_modules\egg-logrotator\app\schedule\clean_log.js
2021-01-29 14:38:02,241 INFO 17168 [egg-schedule]: register schedule E:\admin\egg-service\node_modules\egg-logrotator\app\schedule\rotate_by_file.js
2021-01-29 14:38:57,483 INFO 10692 [egg-schedule]: register schedule E:\admin\egg-service\node_modules\egg-multipart\app\schedule\clean_tmpdir.js
2021-01-29 14:38:57,483 INFO 10692 [egg-schedule]: register schedule E:\admin\egg-service\node_modules\egg-logrotator\app\schedule\clean_log.js
2021-01-29 14:38:57,483 INFO 10692 [egg-schedule]: register schedule E:\admin\egg-service\node_modules\egg-logrotator\app\schedule\rotate_by_file.js
2021-01-29 14:55:38,727 INFO 25388 [egg-schedule]: register schedule E:\admin\egg-service\node_modules\egg-multipart\app\schedule\clean_tmpdir.js
2021-01-29 14:55:38,727 INFO 25388 [egg-schedule]: register schedule E:\admin\egg-service\node_modules\egg-logrotator\app\schedule\clean_log.js
2021-01-29 14:55:38,727 INFO 25388 [egg-schedule]: register schedule E:\admin\egg-service\node_modules\egg-logrotator\app\schedule\rotate_by_file.js
2021-01-29 14:55:39,951 INFO 10992 [egg-schedule]: register schedule E:\admin\egg-service\node_modules\egg-multipart\app\schedule\clean_tmpdir.js
2021-01-29 14:55:39,951 INFO 10992 [egg-schedule]: register schedule E:\admin\egg-service\node_modules\egg-logrotator\app\schedule\clean_log.js
2021-01-29 14:55:39,951 INFO 10992 [egg-schedule]: register schedule E:\admin\egg-service\node_modules\egg-logrotator\app\schedule\rotate_by_file.js
2021-01-29 14:55:54,463 INFO 21876 [egg-schedule]: register schedule E:\admin\egg-service\node_modules\egg-multipart\app\schedule\clean_tmpdir.js
2021-01-29 14:55:54,464 INFO 21876 [egg-schedule]: register schedule E:\admin\egg-service\node_modules\egg-logrotator\app\schedule\clean_log.js
2021-01-29 14:55:54,464 INFO 21876 [egg-schedule]: register schedule E:\admin\egg-service\node_modules\egg-logrotator\app\schedule\rotate_by_file.js
2021-01-29 14:56:08,134 INFO 18456 [egg-schedule]: register schedule E:\admin\egg-service\node_modules\egg-multipart\app\schedule\clean_tmpdir.js
2021-01-29 14:56:08,134 INFO 18456 [egg-schedule]: register schedule E:\admin\egg-service\node_modules\egg-logrotator\app\schedule\clean_log.js
2021-01-29 14:56:08,134 INFO 18456 [egg-schedule]: register schedule E:\admin\egg-service\node_modules\egg-logrotator\app\schedule\rotate_by_file.js
2021-01-29 14:57:23,161 INFO 23644 [egg-schedule]: register schedule E:\admin\egg-service\node_modules\egg-multipart\app\schedule\clean_tmpdir.js
2021-01-29 14:57:23,161 INFO 23644 [egg-schedule]: register schedule E:\admin\egg-service\node_modules\egg-logrotator\app\schedule\clean_log.js
2021-01-29 14:57:23,161 INFO 23644 [egg-schedule]: register schedule E:\admin\egg-service\node_modules\egg-logrotator\app\schedule\rotate_by_file.js
2021-01-29 14:58:17,267 INFO 12968 [egg-schedule]: register schedule E:\admin\egg-service\node_modules\egg-multipart\app\schedule\clean_tmpdir.js
2021-01-29 14:58:17,267 INFO 12968 [egg-schedule]: register schedule E:\admin\egg-service\node_modules\egg-logrotator\app\schedule\clean_log.js
2021-01-29 14:58:17,267 INFO 12968 [egg-schedule]: register schedule E:\admin\egg-service\node_modules\egg-logrotator\app\schedule\rotate_by_file.js
2021-01-29 14:58:18,451 INFO 25060 [egg-schedule]: register schedule E:\admin\egg-service\node_modules\egg-multipart\app\schedule\clean_tmpdir.js
2021-01-29 14:58:18,451 INFO 25060 [egg-schedule]: register schedule E:\admin\egg-service\node_modules\egg-logrotator\app\schedule\clean_log.js
2021-01-29 14:58:18,451 INFO 25060 [egg-schedule]: register schedule E:\admin\egg-service\node_modules\egg-logrotator\app\schedule\rotate_by_file.js
2021-01-29 14:59:05,640 INFO 20156 [egg-schedule]: register schedule E:\admin\egg-service\node_modules\egg-multipart\app\schedule\clean_tmpdir.js
2021-01-29 14:59:05,640 INFO 20156 [egg-schedule]: register schedule E:\admin\egg-service\node_modules\egg-logrotator\app\schedule\clean_log.js
2021-01-29 14:59:05,640 INFO 20156 [egg-schedule]: register schedule E:\admin\egg-service\node_modules\egg-logrotator\app\schedule\rotate_by_file.js
2021-01-29 14:59:07,050 INFO 15484 [egg-schedule]: register schedule E:\admin\egg-service\node_modules\egg-multipart\app\schedule\clean_tmpdir.js
2021-01-29 14:59:07,050 INFO 15484 [egg-schedule]: register schedule E:\admin\egg-service\node_modules\egg-logrotator\app\schedule\clean_log.js
2021-01-29 14:59:07,050 INFO 15484 [egg-schedule]: register schedule E:\admin\egg-service\node_modules\egg-logrotator\app\schedule\rotate_by_file.js
2021-01-29 14:59:21,094 INFO 4404 [egg-schedule]: register schedule E:\admin\egg-service\node_modules\egg-multipart\app\schedule\clean_tmpdir.js
2021-01-29 14:59:21,094 INFO 4404 [egg-schedule]: register schedule E:\admin\egg-service\node_modules\egg-logrotator\app\schedule\clean_log.js
2021-01-29 14:59:21,094 INFO 4404 [egg-schedule]: register schedule E:\admin\egg-service\node_modules\egg-logrotator\app\schedule\rotate_by_file.js
2021-01-29 15:04:08,659 INFO 7660 [egg-schedule]: register schedule E:\admin\egg-service\node_modules\egg-multipart\app\schedule\clean_tmpdir.js
2021-01-29 15:04:08,659 INFO 7660 [egg-schedule]: register schedule E:\admin\egg-service\node_modules\egg-logrotator\app\schedule\clean_log.js
2021-01-29 15:04:08,659 INFO 7660 [egg-schedule]: register schedule E:\admin\egg-service\node_modules\egg-logrotator\app\schedule\rotate_by_file.js
2021-01-29 15:04:10,120 INFO 10516 [egg-schedule]: register schedule E:\admin\egg-service\node_modules\egg-multipart\app\schedule\clean_tmpdir.js
2021-01-29 15:04:10,120 INFO 10516 [egg-schedule]: register schedule E:\admin\egg-service\node_modules\egg-logrotator\app\schedule\clean_log.js
2021-01-29 15:04:10,120 INFO 10516 [egg-schedule]: register schedule E:\admin\egg-service\node_modules\egg-logrotator\app\schedule\rotate_by_file.js
2021-01-29 15:07:18,890 INFO 9456 [egg-schedule]: register schedule E:\admin\egg-service\node_modules\egg-multipart\app\schedule\clean_tmpdir.js
2021-01-29 15:07:18,890 INFO 9456 [egg-schedule]: register schedule E:\admin\egg-service\node_modules\egg-logrotator\app\schedule\clean_log.js
2021-01-29 15:07:18,890 INFO 9456 [egg-schedule]: register schedule E:\admin\egg-service\node_modules\egg-logrotator\app\schedule\rotate_by_file.js
2021-01-29 15:07:20,119 INFO 15092 [egg-schedule]: register schedule E:\admin\egg-service\node_modules\egg-multipart\app\schedule\clean_tmpdir.js
2021-01-29 15:07:20,119 INFO 15092 [egg-schedule]: register schedule E:\admin\egg-service\node_modules\egg-logrotator\app\schedule\clean_log.js
2021-01-29 15:07:20,119 INFO 15092 [egg-schedule]: register schedule E:\admin\egg-service\node_modules\egg-logrotator\app\schedule\rotate_by_file.js
2021-01-29 15:07:50,449 INFO 16220 [egg-schedule]: register schedule E:\admin\egg-service\node_modules\egg-multipart\app\schedule\clean_tmpdir.js
2021-01-29 15:07:50,449 INFO 16220 [egg-schedule]: register schedule E:\admin\egg-service\node_modules\egg-logrotator\app\schedule\clean_log.js
2021-01-29 15:07:50,449 INFO 16220 [egg-schedule]: register schedule E:\admin\egg-service\node_modules\egg-logrotator\app\schedule\rotate_by_file.js
2021-01-29 16:02:00,316 INFO 18844 [egg-schedule]: register schedule E:\admin\egg-service\node_modules\egg-multipart\app\schedule\clean_tmpdir.js
2021-01-29 16:02:00,316 INFO 18844 [egg-schedule]: register schedule E:\admin\egg-service\node_modules\egg-logrotator\app\schedule\clean_log.js
2021-01-29 16:02:00,316 INFO 18844 [egg-schedule]: register schedule E:\admin\egg-service\node_modules\egg-logrotator\app\schedule\rotate_by_file.js
2021-01-29 16:02:01,724 INFO 24496 [egg-schedule]: register schedule E:\admin\egg-service\node_modules\egg-multipart\app\schedule\clean_tmpdir.js
2021-01-29 16:02:01,724 INFO 24496 [egg-schedule]: register schedule E:\admin\egg-service\node_modules\egg-logrotator\app\schedule\clean_log.js
2021-01-29 16:02:01,724 INFO 24496 [egg-schedule]: register schedule E:\admin\egg-service\node_modules\egg-logrotator\app\schedule\rotate_by_file.js
2021-01-29 16:02:06,455 INFO 2348 [egg-schedule]: register schedule E:\admin\egg-service\node_modules\egg-multipart\app\schedule\clean_tmpdir.js
2021-01-29 16:02:06,455 INFO 2348 [egg-schedule]: register schedule E:\admin\egg-service\node_modules\egg-logrotator\app\schedule\clean_log.js
2021-01-29 16:02:06,455 INFO 2348 [egg-schedule]: register schedule E:\admin\egg-service\node_modules\egg-logrotator\app\schedule\rotate_by_file.js
2021-01-30 11:15:11,518 INFO 31600 [Timer] E:\admin\egg-service\node_modules\egg-multipart\app\schedule\clean_tmpdir.js next time will execute after 62088487ms at 2021-01-31 04:30:00.005
2021-01-30 11:15:11,519 INFO 31600 [Timer] E:\admin\egg-service\node_modules\egg-logrotator\app\schedule\clean_log.js next time will execute after 45888482ms at 2021-01-31 00:00:00.001
2021-01-30 11:15:11,520 INFO 31600 [Timer] E:\admin\egg-service\node_modules\egg-logrotator\app\schedule\rotate_by_file.js next time will execute after 45889481ms at 2021-01-31 00:00:01.001
2021-01-30 11:15:11,201 INFO 27752 [egg-schedule]: register schedule E:\admin\egg-service\node_modules\egg-multipart\app\schedule\clean_tmpdir.js
2021-01-30 11:15:11,201 INFO 27752 [egg-schedule]: register schedule E:\admin\egg-service\node_modules\egg-logrotator\app\schedule\clean_log.js
2021-01-30 11:15:11,201 INFO 27752 [egg-schedule]: register schedule E:\admin\egg-service\node_modules\egg-logrotator\app\schedule\rotate_by_file.js
2021-01-30 11:15:12,169 INFO 30948 [egg-schedule]: register schedule E:\admin\egg-service\node_modules\egg-multipart\app\schedule\clean_tmpdir.js
2021-01-30 11:15:12,169 INFO 30948 [egg-schedule]: register schedule E:\admin\egg-service\node_modules\egg-logrotator\app\schedule\clean_log.js
2021-01-30 11:15:12,169 INFO 30948 [egg-schedule]: register schedule E:\admin\egg-service\node_modules\egg-logrotator\app\schedule\rotate_by_file.js
2021-01-30 11:15:13,673 INFO 30888 [egg-schedule]: register schedule E:\admin\egg-service\node_modules\egg-multipart\app\schedule\clean_tmpdir.js
2021-01-30 11:15:13,673 INFO 30888 [egg-schedule]: register schedule E:\admin\egg-service\node_modules\egg-logrotator\app\schedule\clean_log.js
2021-01-30 11:15:13,673 INFO 30888 [egg-schedule]: register schedule E:\admin\egg-service\node_modules\egg-logrotator\app\schedule\rotate_by_file.js
2021-01-30 12:07:22,036 INFO 27464 [egg-schedule]: register schedule E:\admin\egg-service\node_modules\egg-multipart\app\schedule\clean_tmpdir.js
2021-01-30 12:07:22,036 INFO 27464 [egg-schedule]: register schedule E:\admin\egg-service\node_modules\egg-logrotator\app\schedule\clean_log.js
2021-01-30 12:07:22,036 INFO 27464 [egg-schedule]: register schedule E:\admin\egg-service\node_modules\egg-logrotator\app\schedule\rotate_by_file.js
2021-01-30 12:07:23,911 INFO 26736 [egg-schedule]: register schedule E:\admin\egg-service\node_modules\egg-multipart\app\schedule\clean_tmpdir.js
2021-01-30 12:07:23,911 INFO 26736 [egg-schedule]: register schedule E:\admin\egg-service\node_modules\egg-logrotator\app\schedule\clean_log.js
2021-01-30 12:07:23,911 INFO 26736 [egg-schedule]: register schedule E:\admin\egg-service\node_modules\egg-logrotator\app\schedule\rotate_by_file.js
