2021-01-29 14:02:16,303 WARN 3824 [-/::1/-/9ms POST /register?id=10] invalid csrf token. See https://eggjs.org/zh-cn/core/security.html#安全威胁csrf的防范
2021-01-29 14:02:16,307 WARN 3824 [-/::1/-/12ms POST /register?id=10] nodejs.ForbiddenError: invalid csrf token
    at Object.throw (E:\admin\egg-service\node_modules\koa\lib\context.js:97:11)
    at Object.assertCsrf (E:\admin\egg-service\node_modules\egg-security\app\extend\context.js:162:32)
    at csrf (E:\admin\egg-service\node_modules\egg-security\lib\middlewares\csrf.js:33:9)
    at dispatch (E:\admin\egg-service\node_modules\koa-compose\index.js:42:32)
    at E:\admin\egg-service\node_modules\koa-compose\index.js:34:12
    at dispatch (E:\admin\egg-service\node_modules\koa-compose\index.js:42:32)
    at session (E:\admin\egg-service\node_modules\koa-session\index.js:41:13)
    at dispatch (E:\admin\egg-service\node_modules\koa-compose\index.js:42:32)
    at overrideMethod (E:\admin\egg-service\node_modules\koa-override\index.js:38:12)
    at dispatch (E:\admin\egg-service\node_modules\koa-compose\index.js:42:32)
message: "invalid csrf token"
pid: 3824
hostname: PC-20190103RQDU

2021-01-29 14:02:19,213 WARN 3824 [-/::1/-/1ms POST /register?id=10] invalid csrf token. See https://eggjs.org/zh-cn/core/security.html#安全威胁csrf的防范
2021-01-29 14:02:19,215 WARN 3824 [-/::1/-/1ms POST /register?id=10] nodejs.ForbiddenError: invalid csrf token
    at Object.throw (E:\admin\egg-service\node_modules\koa\lib\context.js:97:11)
    at Object.assertCsrf (E:\admin\egg-service\node_modules\egg-security\app\extend\context.js:162:32)
    at csrf (E:\admin\egg-service\node_modules\egg-security\lib\middlewares\csrf.js:33:9)
    at dispatch (E:\admin\egg-service\node_modules\koa-compose\index.js:42:32)
    at E:\admin\egg-service\node_modules\koa-compose\index.js:34:12
    at dispatch (E:\admin\egg-service\node_modules\koa-compose\index.js:42:32)
    at session (E:\admin\egg-service\node_modules\koa-session\index.js:41:13)
    at dispatch (E:\admin\egg-service\node_modules\koa-compose\index.js:42:32)
    at overrideMethod (E:\admin\egg-service\node_modules\koa-override\index.js:38:12)
    at dispatch (E:\admin\egg-service\node_modules\koa-compose\index.js:42:32)
message: "invalid csrf token"
pid: 3824
hostname: PC-20190103RQDU

2021-01-29 14:04:12,513 WARN 13612 [-/::1/-/7ms POST /register?id=10] invalid csrf token. See https://eggjs.org/zh-cn/core/security.html#安全威胁csrf的防范
2021-01-29 14:04:12,515 WARN 13612 [-/::1/-/10ms POST /register?id=10] nodejs.ForbiddenError: invalid csrf token
    at Object.throw (E:\admin\egg-service\node_modules\koa\lib\context.js:97:11)
    at Object.assertCsrf (E:\admin\egg-service\node_modules\egg-security\app\extend\context.js:162:32)
    at csrf (E:\admin\egg-service\node_modules\egg-security\lib\middlewares\csrf.js:33:9)
    at dispatch (E:\admin\egg-service\node_modules\koa-compose\index.js:42:32)
    at E:\admin\egg-service\node_modules\koa-compose\index.js:34:12
    at dispatch (E:\admin\egg-service\node_modules\koa-compose\index.js:42:32)
    at session (E:\admin\egg-service\node_modules\koa-session\index.js:41:13)
    at dispatch (E:\admin\egg-service\node_modules\koa-compose\index.js:42:32)
    at overrideMethod (E:\admin\egg-service\node_modules\koa-override\index.js:38:12)
    at dispatch (E:\admin\egg-service\node_modules\koa-compose\index.js:42:32)
message: "invalid csrf token"
pid: 13612
hostname: PC-20190103RQDU

2021-01-29 14:04:13,633 WARN 13612 [-/::1/-/1ms POST /register?id=10] invalid csrf token. See https://eggjs.org/zh-cn/core/security.html#安全威胁csrf的防范
2021-01-29 14:04:13,634 WARN 13612 [-/::1/-/2ms POST /register?id=10] nodejs.ForbiddenError: invalid csrf token
    at Object.throw (E:\admin\egg-service\node_modules\koa\lib\context.js:97:11)
    at Object.assertCsrf (E:\admin\egg-service\node_modules\egg-security\app\extend\context.js:162:32)
    at csrf (E:\admin\egg-service\node_modules\egg-security\lib\middlewares\csrf.js:33:9)
    at dispatch (E:\admin\egg-service\node_modules\koa-compose\index.js:42:32)
    at E:\admin\egg-service\node_modules\koa-compose\index.js:34:12
    at dispatch (E:\admin\egg-service\node_modules\koa-compose\index.js:42:32)
    at session (E:\admin\egg-service\node_modules\koa-session\index.js:41:13)
    at dispatch (E:\admin\egg-service\node_modules\koa-compose\index.js:42:32)
    at overrideMethod (E:\admin\egg-service\node_modules\koa-override\index.js:38:12)
    at dispatch (E:\admin\egg-service\node_modules\koa-compose\index.js:42:32)
message: "invalid csrf token"
pid: 13612
hostname: PC-20190103RQDU

2021-01-29 14:05:01,680 WARN 20608 [-/::1/-/7ms POST /register?id=10] invalid csrf token. See https://eggjs.org/zh-cn/core/security.html#安全威胁csrf的防范
2021-01-29 14:05:01,683 WARN 20608 [-/::1/-/9ms POST /register?id=10] nodejs.ForbiddenError: invalid csrf token
    at Object.throw (E:\admin\egg-service\node_modules\koa\lib\context.js:97:11)
    at Object.assertCsrf (E:\admin\egg-service\node_modules\egg-security\app\extend\context.js:162:32)
    at csrf (E:\admin\egg-service\node_modules\egg-security\lib\middlewares\csrf.js:33:9)
    at dispatch (E:\admin\egg-service\node_modules\koa-compose\index.js:42:32)
    at E:\admin\egg-service\node_modules\koa-compose\index.js:34:12
    at dispatch (E:\admin\egg-service\node_modules\koa-compose\index.js:42:32)
    at session (E:\admin\egg-service\node_modules\koa-session\index.js:41:13)
    at dispatch (E:\admin\egg-service\node_modules\koa-compose\index.js:42:32)
    at overrideMethod (E:\admin\egg-service\node_modules\koa-override\index.js:38:12)
    at dispatch (E:\admin\egg-service\node_modules\koa-compose\index.js:42:32)
message: "invalid csrf token"
pid: 20608
hostname: PC-20190103RQDU

2021-01-29 14:05:03,057 WARN 20608 [-/::1/-/0ms POST /register?id=10] invalid csrf token. See https://eggjs.org/zh-cn/core/security.html#安全威胁csrf的防范
2021-01-29 14:05:03,057 WARN 20608 [-/::1/-/1ms POST /register?id=10] nodejs.ForbiddenError: invalid csrf token
    at Object.throw (E:\admin\egg-service\node_modules\koa\lib\context.js:97:11)
    at Object.assertCsrf (E:\admin\egg-service\node_modules\egg-security\app\extend\context.js:162:32)
    at csrf (E:\admin\egg-service\node_modules\egg-security\lib\middlewares\csrf.js:33:9)
    at dispatch (E:\admin\egg-service\node_modules\koa-compose\index.js:42:32)
    at E:\admin\egg-service\node_modules\koa-compose\index.js:34:12
    at dispatch (E:\admin\egg-service\node_modules\koa-compose\index.js:42:32)
    at session (E:\admin\egg-service\node_modules\koa-session\index.js:41:13)
    at dispatch (E:\admin\egg-service\node_modules\koa-compose\index.js:42:32)
    at overrideMethod (E:\admin\egg-service\node_modules\koa-override\index.js:38:12)
    at dispatch (E:\admin\egg-service\node_modules\koa-compose\index.js:42:32)
message: "invalid csrf token"
pid: 20608
hostname: PC-20190103RQDU

2021-01-29 14:34:24,004 ERROR 2280 [-/::1/-/24ms POST /register] nodejs.TypeError: Cannot read property 'email' of undefined
    at UserService.registerUser (E:\admin\egg-service\app\service\user.js:13:19)
    at UserController.registerUser (E:\admin\egg-service\app\controller\user.js:5:48)
    at Object.callFn (E:\admin\egg-service\node_modules\egg-core\lib\utils\index.js:44:21)
    at Object.classControllerMiddleware (E:\admin\egg-service\node_modules\egg-core\lib\loader\mixin\controller.js:87:20)
    at Object.callFn (E:\admin\egg-service\node_modules\@eggjs\router\lib\utils.js:12:21)
    at wrappedController (E:\admin\egg-service\node_modules\@eggjs\router\lib\egg_router.js:322:18)
    at dispatch (E:\admin\egg-service\node_modules\@eggjs\router\node_modules\koa-compose\index.js:44:32)
    at next (E:\admin\egg-service\node_modules\@eggjs\router\node_modules\koa-compose\index.js:45:18)
    at E:\admin\egg-service\node_modules\@eggjs\router\lib\router.js:190:18
    at dispatch (E:\admin\egg-service\node_modules\@eggjs\router\node_modules\koa-compose\index.js:44:32)

pid: 2280
hostname: PC-20190103RQDU

2021-01-29 14:41:12,836 ERROR 10692 [-/::1/-/40ms POST /register] nodejs.ER_DATA_TOO_LONGError: ER_DATA_TOO_LONG: Data too long for column 'email' at row 1
    at Query.Sequence._packetToError (E:\admin\egg-service\node_modules\mysql\lib\protocol\sequences\Sequence.js:47:14)
    at Query.ErrorPacket (E:\admin\egg-service\node_modules\mysql\lib\protocol\sequences\Query.js:79:18)
    at Protocol._parsePacket (E:\admin\egg-service\node_modules\mysql\lib\protocol\Protocol.js:291:23)
    at Parser._parsePacket (E:\admin\egg-service\node_modules\mysql\lib\protocol\Parser.js:433:10)
    at Parser.write (E:\admin\egg-service\node_modules\mysql\lib\protocol\Parser.js:43:10)
    at Protocol.write (E:\admin\egg-service\node_modules\mysql\lib\protocol\Protocol.js:38:16)
    at Socket.<anonymous> (E:\admin\egg-service\node_modules\mysql\lib\Connection.js:88:28)
    at Socket.<anonymous> (E:\admin\egg-service\node_modules\mysql\lib\Connection.js:526:10)
    at Socket.emit (events.js:310:20)
    at addChunk (_stream_readable.js:286:12)
    --------------------
    at Pool.query (E:\admin\egg-service\node_modules\mysql\lib\Pool.js:199:23)
    at E:\admin\egg-service\node_modules\ali-rds\node_modules\pify\index.js:29:7
    at new Promise (<anonymous>)
    at Pool.<anonymous> (E:\admin\egg-service\node_modules\ali-rds\node_modules\pify\index.js:12:10)
    at Pool.ret [as query] (E:\admin\egg-service\node_modules\ali-rds\node_modules\pify\index.js:56:34)
    at RDSClient.proto._query (E:\admin\egg-service\node_modules\ali-rds\lib\client.js:38:20)
    at RDSClient.proto.query (E:\admin\egg-service\node_modules\ali-rds\lib\operator.js:54:29)
    at proto.query.next (<anonymous>)
    at onFulfilled (E:\admin\egg-service\node_modules\co\index.js:65:19)
    at E:\admin\egg-service\node_modules\co\index.js:54:5
    sql: INSERT INTO `er_user`(`email`, `nickname`, `avatar`, `password`, `source`, `create_at`) VALUES('zxj176381@icloud.com', '支新杰', 'image/zhixinjie.png', 'zxj3344.', 1, 1611902472)
code: "ER_DATA_TOO_LONG"
errno: 1406
sqlMessage: "Data too long for column 'email' at row 1"
sqlState: "22001"
index: 0
sql: "INSERT INTO `er_user`(`email`, `nickname`, `avatar`, `password`, `source`, `create_at`) VALUES('zxj176381@icloud.com', '支新杰', 'image/zhixinjie.png', 'zxj3344.', 1, 1611902472)"
name: "ER_DATA_TOO_LONGError"
pid: 10692
hostname: PC-20190103RQDU

2021-01-29 14:41:58,352 ERROR 10692 [-/::1/-/6ms POST /register] nodejs.ER_NO_DEFAULT_FOR_FIELDError: ER_NO_DEFAULT_FOR_FIELD: Field 'uid' doesn't have a default value
    at Query.Sequence._packetToError (E:\admin\egg-service\node_modules\mysql\lib\protocol\sequences\Sequence.js:47:14)
    at Query.ErrorPacket (E:\admin\egg-service\node_modules\mysql\lib\protocol\sequences\Query.js:79:18)
    at Protocol._parsePacket (E:\admin\egg-service\node_modules\mysql\lib\protocol\Protocol.js:291:23)
    at Parser._parsePacket (E:\admin\egg-service\node_modules\mysql\lib\protocol\Parser.js:433:10)
    at Parser.write (E:\admin\egg-service\node_modules\mysql\lib\protocol\Parser.js:43:10)
    at Protocol.write (E:\admin\egg-service\node_modules\mysql\lib\protocol\Protocol.js:38:16)
    at Socket.<anonymous> (E:\admin\egg-service\node_modules\mysql\lib\Connection.js:88:28)
    at Socket.<anonymous> (E:\admin\egg-service\node_modules\mysql\lib\Connection.js:526:10)
    at Socket.emit (events.js:310:20)
    at addChunk (_stream_readable.js:286:12)
    --------------------
    at Pool.query (E:\admin\egg-service\node_modules\mysql\lib\Pool.js:199:23)
    at E:\admin\egg-service\node_modules\ali-rds\node_modules\pify\index.js:29:7
    at new Promise (<anonymous>)
    at Pool.<anonymous> (E:\admin\egg-service\node_modules\ali-rds\node_modules\pify\index.js:12:10)
    at Pool.ret [as query] (E:\admin\egg-service\node_modules\ali-rds\node_modules\pify\index.js:56:34)
    at RDSClient.proto._query (E:\admin\egg-service\node_modules\ali-rds\lib\client.js:38:20)
    at RDSClient.proto.query (E:\admin\egg-service\node_modules\ali-rds\lib\operator.js:54:29)
    at proto.query.next (<anonymous>)
    at onFulfilled (E:\admin\egg-service\node_modules\co\index.js:65:19)
    at E:\admin\egg-service\node_modules\co\index.js:54:5
    sql: INSERT INTO `er_user`(`email`, `nickname`, `avatar`, `password`, `source`, `create_at`) VALUES('zxj176381@icloud.com', '支新杰', 'image/zhixinjie.png', 'zxj3344.', 1, 1611902518)
code: "ER_NO_DEFAULT_FOR_FIELD"
errno: 1364
sqlMessage: "Field 'uid' doesn't have a default value"
sqlState: "HY000"
index: 0
sql: "INSERT INTO `er_user`(`email`, `nickname`, `avatar`, `password`, `source`, `create_at`) VALUES('zxj176381@icloud.com', '支新杰', 'image/zhixinjie.png', 'zxj3344.', 1, 1611902518)"
name: "ER_NO_DEFAULT_FOR_FIELDError"
pid: 10692
hostname: PC-20190103RQDU

